<?xml version="1.0" encoding="UTF-8"?>
<!-- Generated by org.testng.reporters.JUnitReportReporter -->
<testsuite skipped="0" hostname="DESKTOP-SOS92T6" name="Aptumo.Aptumo_UK.App" tests="1" failures="0" timestamp="2020-12-10T13:36:33 IST" time="11.622" errors="0">
  <testcase name="test" time="11.622" classname="Aptumo.Aptumo_UK.App"/>
  <system-out/>
</testsuite> <!-- Aptumo.Aptumo_UK.App -->
